<?xml version="1.0" encoding="UTF-8"?>
<testng-results ignored="0" total="2" passed="2" failed="0" skipped="0">
  <reporter-output>
  </reporter-output>
  <suite started-at="2022-04-23T00:44:56 IST" name="Default suite" finished-at="2022-04-23T00:45:05 IST" duration-ms="9577">
    <groups>
    </groups>
    <test started-at="2022-04-23T00:44:56 IST" name="Default test" finished-at="2022-04-23T00:45:05 IST" duration-ms="9577">
      <class name="com.testng.Dataprov">
        <test-method is-config="true" signature="openFacebook()[pri:0, instance:com.testng.Dataprov@4313f5bc]" started-at="2022-04-23T00:44:56 IST" name="openFacebook" finished-at="2022-04-23T00:45:00 IST" duration-ms="4386" status="PASS">
          <reporter-output>
          </reporter-output>
        </test-method> <!-- openFacebook -->
        <test-method signature="login(java.lang.String,java.lang.String)[pri:0, instance:com.testng.Dataprov@4313f5bc]" started-at="2022-04-23T00:45:00 IST" name="login" data-provider="login" finished-at="2022-04-23T00:45:00 IST" duration-ms="291" status="PASS">
          <params>
            <param index="0">
              <value>
                <![CDATA[sambath]]>
              </value>
            </param>
            <param index="1">
              <value>
                <![CDATA[12345]]>
              </value>
            </param>
          </params>
          <reporter-output>
          </reporter-output>
        </test-method> <!-- login -->
        <test-method is-config="true" signature="openFacebook()[pri:0, instance:com.testng.Dataprov@4313f5bc]" started-at="2022-04-23T00:45:00 IST" name="openFacebook" finished-at="2022-04-23T00:45:05 IST" duration-ms="4552" status="PASS">
          <reporter-output>
          </reporter-output>
        </test-method> <!-- openFacebook -->
        <test-method signature="login(java.lang.String,java.lang.String)[pri:0, instance:com.testng.Dataprov@4313f5bc]" started-at="2022-04-23T00:45:05 IST" name="login" data-provider="login" finished-at="2022-04-23T00:45:05 IST" duration-ms="287" status="PASS">
          <params>
            <param index="0">
              <value>
                <![CDATA[khabib]]>
              </value>
            </param>
            <param index="1">
              <value>
                <![CDATA[2345]]>
              </value>
            </param>
          </params>
          <reporter-output>
          </reporter-output>
        </test-method> <!-- login -->
      </class> <!-- com.testng.Dataprov -->
    </test> <!-- Default test -->
  </suite> <!-- Default suite -->
</testng-results>
